2023-05-16 11:05:34 INFO  HomePage :78 - click On My QAccount Tab  [[ChromeDriver: chrome on WINDOWS (6748d5636dea6b543b7c9013c4e98b70)] -> xpath: //span[contains(text(),'My Account')]]
2023-05-16 11:05:569 INFO  AccountLoginPage :42 - Enter EmailId [[ChromeDriver: chrome on WINDOWS (6748d5636dea6b543b7c9013c4e98b70)] -> id: input-email]
2023-05-16 11:05:683 INFO  AccountLoginPage :47 - Enter Password [[ChromeDriver: chrome on WINDOWS (6748d5636dea6b543b7c9013c4e98b70)] -> id: input-email]
2023-05-16 11:05:761 INFO  AccountLoginPage :52 - Click on login Button [[ChromeDriver: chrome on WINDOWS (6748d5636dea6b543b7c9013c4e98b70)] -> id: input-email]
2023-05-16 11:05:428 INFO  HomePage :78 - click On My QAccount Tab  [[ChromeDriver: chrome on WINDOWS (6748d5636dea6b543b7c9013c4e98b70)] -> xpath: //span[contains(text(),'My Account')]]
2023-05-16 11:05:215 INFO  MyAccountPage :25 - get Account Logout Text  [[ChromeDriver: chrome on WINDOWS (6748d5636dea6b543b7c9013c4e98b70)] -> xpath: //h1[contains(text(),'Account Logout')]]
2023-05-16 11:05:812 INFO  HomePage :78 - click On My QAccount Tab  [[ChromeDriver: chrome on WINDOWS (155ccbf8c8c293aeac79c2ce01a149a1)] -> xpath: //span[contains(text(),'My Account')]]
2023-05-16 11:05:148 INFO  AccountRegisterPage :56 - Enter First name [[ChromeDriver: chrome on WINDOWS (155ccbf8c8c293aeac79c2ce01a149a1)] -> id: input-firstname]
2023-05-16 11:05:226 INFO  AccountRegisterPage :61 - Enter last name [[ChromeDriver: chrome on WINDOWS (155ccbf8c8c293aeac79c2ce01a149a1)] -> id: input-lastname]
2023-05-16 11:05:296 INFO  AccountRegisterPage :66 - Enter Email  [[ChromeDriver: chrome on WINDOWS (155ccbf8c8c293aeac79c2ce01a149a1)] -> id: input-email]
2023-05-16 11:05:374 INFO  AccountRegisterPage :71 - Enter telephone  [[ChromeDriver: chrome on WINDOWS (155ccbf8c8c293aeac79c2ce01a149a1)] -> id: input-telephone]
2023-05-16 11:05:450 INFO  AccountRegisterPage :76 - Enter password  [[ChromeDriver: chrome on WINDOWS (155ccbf8c8c293aeac79c2ce01a149a1)] -> id: input-password]
2023-05-16 11:05:513 INFO  AccountRegisterPage :81 - Enter Confirm password  [[ChromeDriver: chrome on WINDOWS (155ccbf8c8c293aeac79c2ce01a149a1)] -> id: input-password]
2023-05-16 11:05:576 INFO  AccountRegisterPage :86 - select Subscription  By.xpath: //fieldset[3]//input
2023-05-16 11:05:598 INFO  AccountRegisterPage :97 - click On Privacy Policy CheckBox  By.xpath: //fieldset[3]//input
2023-05-16 11:05:644 INFO  AccountRegisterPage :102 - click On Continue Button  [[ChromeDriver: chrome on WINDOWS (155ccbf8c8c293aeac79c2ce01a149a1)] -> xpath: //div[@class = 'buttons']//input[@value='Continue']]
2023-05-16 11:05:737 INFO  MyAccountPage :30 - get Your Account Has Been Created Text  [[ChromeDriver: chrome on WINDOWS (155ccbf8c8c293aeac79c2ce01a149a1)] -> xpath: //h1[contains(text(),'Your Account Has Been Created!')]]
2023-05-16 11:05:764 INFO  MyAccountPage :35 - Click on continue button [[ChromeDriver: chrome on WINDOWS (155ccbf8c8c293aeac79c2ce01a149a1)] -> xpath: //a[contains(text(),'Continue')]]
2023-05-16 11:05:226 INFO  HomePage :78 - click On My QAccount Tab  [[ChromeDriver: chrome on WINDOWS (155ccbf8c8c293aeac79c2ce01a149a1)] -> xpath: //span[contains(text(),'My Account')]]
2023-05-16 11:05:59 INFO  MyAccountPage :25 - get Account Logout Text  [[ChromeDriver: chrome on WINDOWS (155ccbf8c8c293aeac79c2ce01a149a1)] -> xpath: //h1[contains(text(),'Account Logout')]]
2023-05-16 11:05:75 INFO  MyAccountPage :35 - Click on continue button [[ChromeDriver: chrome on WINDOWS (155ccbf8c8c293aeac79c2ce01a149a1)] -> xpath: //a[contains(text(),'Continue')]]
2023-05-16 11:05:507 INFO  HomePage :65 - Select Currency  [[ChromeDriver: chrome on WINDOWS (ad29597e7d6bd7f531c750ab964e2c4c)] -> xpath: //span[contains(text(),'Currency')]]
2023-05-16 11:05:329 INFO  HomePage :49 - mouseHover On DesktopsLink And Click  [[ChromeDriver: chrome on WINDOWS (ad29597e7d6bd7f531c750ab964e2c4c)] -> link text: Desktops]
2023-05-16 11:05:485 INFO  HomePage :43 - select Menu  By.xpath: //nav[@id='menu']//ul/li[contains(@class, 'open')]/div/child::*
2023-05-16 11:05:74 INFO  DesktopPage :56 - select Sort By Option  [[ChromeDriver: chrome on WINDOWS (ad29597e7d6bd7f531c750ab964e2c4c)] -> id: input-sort]
2023-05-16 11:05:679 INFO  HomePage :65 - Select Currency  [[ChromeDriver: chrome on WINDOWS (170a1d8d30970dd7e5bc9f09a9cfd749)] -> xpath: //span[contains(text(),'Currency')]]
2023-05-16 11:05:507 INFO  HomePage :54 - mouseHover On Laptop  And Click  [[ChromeDriver: chrome on WINDOWS (170a1d8d30970dd7e5bc9f09a9cfd749)] -> link text: Laptops & Notebooks]
2023-05-16 11:05:638 INFO  HomePage :43 - select Menu  By.xpath: //nav[@id='menu']//ul/li[contains(@class, 'open')]/div/child::*
2023-05-16 11:05:08 INFO  HomePage :54 - mouseHover On Laptop  And Click  [[ChromeDriver: chrome on WINDOWS (04418acc36b945d974b5eda2101a9612)] -> link text: Laptops & Notebooks]
2023-05-16 11:05:149 INFO  HomePage :43 - select Menu  By.xpath: //nav[@id='menu']//ul/li[contains(@class, 'open')]/div/child::*
2023-05-17 21:05:583 INFO  HomePage :76 - click On My QAccount Tab  [[ChromeDriver: chrome on WINDOWS (d3850d392054047113ce46d5390aa456)] -> xpath: //span[contains(text(),'My Account')]]
2023-05-17 21:05:176 INFO  AccountLoginPage :30 - Returning Customer Text [[ChromeDriver: chrome on WINDOWS (d3850d392054047113ce46d5390aa456)] -> xpath: //div[@id='content']/div/div[2]//h2]
2023-05-17 21:05:915 INFO  HomePage :76 - click On My QAccount Tab  [[ChromeDriver: chrome on WINDOWS (0f0d0c48b919259cdffe510325063b43)] -> xpath: //span[contains(text(),'My Account')]]
2023-05-17 21:05:415 INFO  AccountLoginPage :40 - Enter EmailId [[ChromeDriver: chrome on WINDOWS (0f0d0c48b919259cdffe510325063b43)] -> id: input-email]
2023-05-17 21:05:539 INFO  AccountLoginPage :45 - Enter Password [[ChromeDriver: chrome on WINDOWS (0f0d0c48b919259cdffe510325063b43)] -> id: input-email]
2023-05-17 21:05:625 INFO  AccountLoginPage :50 - Click on login Button [[ChromeDriver: chrome on WINDOWS (0f0d0c48b919259cdffe510325063b43)] -> id: input-email]
2023-05-17 21:05:655 INFO  HomePage :76 - click On My QAccount Tab  [[ChromeDriver: chrome on WINDOWS (0f0d0c48b919259cdffe510325063b43)] -> xpath: //span[contains(text(),'My Account')]]
2023-05-17 21:05:555 INFO  MyAccountPage :23 - get Account Logout Text  [[ChromeDriver: chrome on WINDOWS (0f0d0c48b919259cdffe510325063b43)] -> xpath: //h1[contains(text(),'Account Logout')]]
2023-05-17 21:05:664 INFO  HomePage :76 - click On My QAccount Tab  [[ChromeDriver: chrome on WINDOWS (ddf17e1aefe15d6537ca3cae2793fb47)] -> xpath: //span[contains(text(),'My Account')]]
2023-05-17 21:05:872 INFO  AccountRegisterPage :49 - Get Register Account Text [[ChromeDriver: chrome on WINDOWS (ddf17e1aefe15d6537ca3cae2793fb47)] -> xpath: //h1[contains(text(),'Register Account')]]
2023-05-17 21:05:789 INFO  HomePage :76 - click On My QAccount Tab  [[ChromeDriver: chrome on WINDOWS (ad7546d4eb69febcb2752b6404861e07)] -> xpath: //span[contains(text(),'My Account')]]
2023-05-17 21:05:80 INFO  AccountRegisterPage :54 - Enter First name [[ChromeDriver: chrome on WINDOWS (ad7546d4eb69febcb2752b6404861e07)] -> id: input-firstname]
2023-05-17 21:05:173 INFO  AccountRegisterPage :59 - Enter last name [[ChromeDriver: chrome on WINDOWS (ad7546d4eb69febcb2752b6404861e07)] -> id: input-lastname]
2023-05-17 21:05:275 INFO  AccountRegisterPage :64 - Enter Email  [[ChromeDriver: chrome on WINDOWS (ad7546d4eb69febcb2752b6404861e07)] -> id: input-email]
2023-05-17 21:05:366 INFO  AccountRegisterPage :69 - Enter telephone  [[ChromeDriver: chrome on WINDOWS (ad7546d4eb69febcb2752b6404861e07)] -> id: input-telephone]
2023-05-17 21:05:446 INFO  AccountRegisterPage :74 - Enter password  [[ChromeDriver: chrome on WINDOWS (ad7546d4eb69febcb2752b6404861e07)] -> id: input-password]
2023-05-17 21:05:516 INFO  AccountRegisterPage :79 - Enter Confirm password  [[ChromeDriver: chrome on WINDOWS (ad7546d4eb69febcb2752b6404861e07)] -> id: input-password]
2023-05-17 21:05:601 INFO  AccountRegisterPage :84 - select Subscription  By.xpath: //fieldset[3]//input
2023-05-17 21:05:631 INFO  AccountRegisterPage :95 - click On Privacy Policy CheckBox  By.xpath: //fieldset[3]//input
2023-05-17 21:05:690 INFO  AccountRegisterPage :100 - click On Continue Button  [[ChromeDriver: chrome on WINDOWS (ad7546d4eb69febcb2752b6404861e07)] -> xpath: //div[@class = 'buttons']//input[@value='Continue']]
2023-05-17 21:05:774 INFO  MyAccountPage :28 - get Your Account Has Been Created Text  [[ChromeDriver: chrome on WINDOWS (ad7546d4eb69febcb2752b6404861e07)] -> xpath: //h1[contains(text(),'Your Account Has Been Created!')]]
2023-05-17 21:05:805 INFO  MyAccountPage :33 - Click on continue button [[ChromeDriver: chrome on WINDOWS (ad7546d4eb69febcb2752b6404861e07)] -> xpath: //a[contains(text(),'Continue')]]
2023-05-17 21:05:227 INFO  HomePage :76 - click On My QAccount Tab  [[ChromeDriver: chrome on WINDOWS (ad7546d4eb69febcb2752b6404861e07)] -> xpath: //span[contains(text(),'My Account')]]
2023-05-17 21:05:67 INFO  MyAccountPage :23 - get Account Logout Text  [[ChromeDriver: chrome on WINDOWS (ad7546d4eb69febcb2752b6404861e07)] -> xpath: //h1[contains(text(),'Account Logout')]]
2023-05-17 21:05:84 INFO  MyAccountPage :33 - Click on continue button [[ChromeDriver: chrome on WINDOWS (ad7546d4eb69febcb2752b6404861e07)] -> xpath: //a[contains(text(),'Continue')]]
2023-05-17 21:05:453 INFO  HomePage :63 - Select Currency  [[ChromeDriver: chrome on WINDOWS (b4c015c32e61d21907ea913b01aab242)] -> xpath: //span[contains(text(),'Currency')]]
2023-05-17 21:05:570 INFO  HomePage :47 - mouseHover On DesktopsLink And Click  [[ChromeDriver: chrome on WINDOWS (b4c015c32e61d21907ea913b01aab242)] -> link text: Desktops]
2023-05-17 21:05:712 INFO  HomePage :41 - select Menu  By.xpath: //nav[@id='menu']//ul/li[contains(@class, 'open')]/div/child::*
2023-05-17 21:05:869 INFO  DesktopPage :34 - get Products Name List 
2023-05-17 21:05:981 INFO  DesktopPage :54 - select Sort By Option  [[ChromeDriver: chrome on WINDOWS (b4c015c32e61d21907ea913b01aab242)] -> id: input-sort]
2023-05-17 21:05:537 INFO  DesktopPage :34 - get Products Name List 
2023-05-17 21:05:316 INFO  HomePage :63 - Select Currency  [[ChromeDriver: chrome on WINDOWS (b087241e433644498a8734c2bdf6f5b5)] -> xpath: //span[contains(text(),'Currency')]]
2023-05-17 21:05:156 INFO  HomePage :47 - mouseHover On DesktopsLink And Click  [[ChromeDriver: chrome on WINDOWS (b087241e433644498a8734c2bdf6f5b5)] -> link text: Desktops]
2023-05-17 21:05:296 INFO  HomePage :41 - select Menu  By.xpath: //nav[@id='menu']//ul/li[contains(@class, 'open')]/div/child::*
2023-05-17 21:05:323 INFO  DesktopPage :54 - select Sort By Option  [[ChromeDriver: chrome on WINDOWS (b087241e433644498a8734c2bdf6f5b5)] -> id: input-sort]
2023-05-17 21:05:27 INFO  HomePage :63 - Select Currency  [[ChromeDriver: chrome on WINDOWS (af3c2e3919e28585f365d452b5cdce07)] -> xpath: //span[contains(text(),'Currency')]]
2023-05-17 21:05:171 INFO  HomePage :52 - mouseHover On Laptop  And Click  [[ChromeDriver: chrome on WINDOWS (af3c2e3919e28585f365d452b5cdce07)] -> link text: Laptops & Notebooks]
2023-05-17 21:05:321 INFO  HomePage :41 - select Menu  By.xpath: //nav[@id='menu']//ul/li[contains(@class, 'open')]/div/child::*
2023-05-17 21:05:278 INFO  HomePage :63 - Select Currency  [[ChromeDriver: chrome on WINDOWS (c85c9b7d80f15fc03e272314accf6aea)] -> xpath: //span[contains(text(),'Currency')]]
2023-05-17 21:05:863 INFO  HomePage :52 - mouseHover On Laptop  And Click  [[ChromeDriver: chrome on WINDOWS (c85c9b7d80f15fc03e272314accf6aea)] -> link text: Laptops & Notebooks]
2023-05-17 21:05:993 INFO  HomePage :41 - select Menu  By.xpath: //nav[@id='menu']//ul/li[contains(@class, 'open')]/div/child::*
2023-05-17 21:05:537 INFO  HomePage :47 - mouseHover On DesktopsLink And Click  [[ChromeDriver: chrome on WINDOWS (c1377dccd9a2582267744e232c74cfca)] -> link text: Desktops]
2023-05-17 21:05:686 INFO  HomePage :41 - select Menu  By.xpath: //nav[@id='menu']//ul/li[contains(@class, 'open')]/div/child::*
2023-05-17 21:05:222 INFO  DesktopPage :29 - get Desktops Text  [[ChromeDriver: chrome on WINDOWS (c1377dccd9a2582267744e232c74cfca)] -> xpath: //h2[contains(text(),'Desktops')]]
2023-05-17 21:05:95 INFO  HomePage :52 - mouseHover On Laptop  And Click  [[ChromeDriver: chrome on WINDOWS (7848bdc4f28e933de7fd0c706ed86b2a)] -> link text: Laptops & Notebooks]
2023-05-17 21:05:232 INFO  HomePage :41 - select Menu  By.xpath: //nav[@id='menu']//ul/li[contains(@class, 'open')]/div/child::*
2023-05-17 21:05:344 INFO  HomePage :57 - mouseHover On Component  And Click  [[ChromeDriver: chrome on WINDOWS (c4e61084a0ae13d4442c25eecc0ece68)] -> link text: Components]
2023-05-17 21:05:494 INFO  HomePage :41 - select Menu  By.xpath: //nav[@id='menu']//ul/li[contains(@class, 'open')]/div/child::*
2023-05-17 21:05:562 INFO  ComponentsPage :18 - Get component Text  [[ChromeDriver: chrome on WINDOWS (c4e61084a0ae13d4442c25eecc0ece68)] -> xpath: //h2[contains(text(),'Components')]]
